2025-03-21 09:27:26,764 - INFO - File uptime_data.json direset saat startup.
2025-03-21 09:27:26,765 - INFO - Program dimulai.
2025-03-21 09:27:28,134 - INFO - File uptime_data.json tidak ditemukan, membuat baru.
2025-03-21 09:27:29,868 - INFO - Data berhasil diperbarui.
2025-03-21 09:27:44,902 - INFO - Program dihentikan oleh pengguna.
2025-03-21 09:27:47,181 - INFO - File uptime_data.json direset saat startup.
2025-03-21 09:27:47,181 - INFO - Program dimulai.
2025-03-21 09:27:47,229 - INFO - File uptime_data.json tidak ditemukan, membuat baru.
2025-03-21 09:27:49,159 - INFO - Data berhasil diperbarui.
2025-03-21 09:28:03,179 - INFO - Program dihentikan oleh pengguna.
2025-03-21 09:28:05,867 - INFO - File uptime_data.json direset saat startup.
2025-03-21 09:28:05,870 - INFO - Program dimulai.
2025-03-21 09:28:05,912 - INFO - File uptime_data.json tidak ditemukan, membuat baru.
2025-03-21 09:28:07,537 - INFO - Data berhasil diperbarui.
2025-03-21 09:28:24,784 - INFO - Program dihentikan oleh pengguna.
2025-03-21 09:28:26,372 - INFO - File uptime_data.json direset saat startup.
2025-03-21 09:28:26,372 - INFO - Program dimulai.
2025-03-21 09:28:26,422 - INFO - File uptime_data.json tidak ditemukan, membuat baru.
2025-03-21 09:28:28,164 - INFO - Data berhasil diperbarui.
2025-03-21 09:33:28,339 - INFO - Data berhasil diperbarui.
2025-03-21 09:38:28,522 - INFO - Data berhasil diperbarui.
2025-03-21 09:43:28,682 - INFO - Data berhasil diperbarui.
2025-03-21 09:48:28,855 - INFO - Data berhasil diperbarui.
2025-03-21 09:53:29,029 - INFO - Data berhasil diperbarui.
2025-03-21 09:58:29,185 - INFO - Data berhasil diperbarui.
2025-03-21 10:03:29,369 - INFO - Data berhasil diperbarui.
2025-03-21 10:08:29,556 - INFO - Data berhasil diperbarui.
2025-03-21 10:09:27,549 - INFO - Program dihentikan oleh pengguna.
2025-03-21 10:09:47,350 - INFO - File uptime_data.json direset saat startup.
2025-03-21 10:09:47,351 - INFO - Program dimulai.
2025-03-21 10:09:47,398 - INFO - File uptime_data.json tidak ditemukan, membuat baru.
2025-03-21 10:09:49,066 - INFO - Data berhasil diperbarui.
2025-03-21 10:10:49,211 - INFO - Data berhasil diperbarui.
2025-03-21 10:11:49,401 - INFO - Data berhasil diperbarui.
2025-03-21 10:12:49,566 - INFO - Data berhasil diperbarui.
2025-03-21 10:13:49,823 - INFO - Data berhasil diperbarui.
2025-03-21 10:14:44,054 - INFO - Program dihentikan oleh pengguna.
2025-03-21 10:14:44,404 - INFO - File uptime_data.json direset saat startup.
2025-03-21 10:14:44,404 - INFO - Program dimulai.
2025-03-21 10:14:44,454 - INFO - File uptime_data.json tidak ditemukan, membuat baru.
2025-03-21 10:14:46,228 - INFO - Data berhasil diperbarui.
2025-03-21 10:14:59,014 - INFO - Program dihentikan oleh pengguna.
2025-03-21 10:15:13,198 - INFO - File uptime_data.json direset saat startup.
2025-03-21 10:15:13,198 - INFO - Program dimulai.
2025-03-21 10:15:13,245 - INFO - File uptime_data.json tidak ditemukan, membuat baru.
2025-03-21 10:15:14,962 - INFO - Data berhasil diperbarui.
2025-03-21 10:16:15,109 - INFO - Data berhasil diperbarui.
2025-03-21 10:17:15,266 - INFO - Data berhasil diperbarui.
2025-03-21 10:18:15,416 - INFO - Data berhasil diperbarui.
2025-03-21 10:19:15,574 - INFO - Data berhasil diperbarui.
2025-03-21 10:20:15,730 - INFO - Data berhasil diperbarui.
2025-03-21 10:21:15,995 - INFO - Data berhasil diperbarui.
2025-03-21 10:22:16,185 - INFO - Data berhasil diperbarui.
2025-03-21 10:42:36,349 - INFO - Data berhasil diperbarui.
2025-03-21 10:43:36,505 - INFO - Data berhasil diperbarui.
2025-03-21 10:44:36,643 - INFO - Data berhasil diperbarui.
2025-03-21 10:45:36,793 - INFO - Data berhasil diperbarui.
2025-03-21 10:46:36,945 - INFO - Data berhasil diperbarui.
2025-03-21 10:47:37,097 - INFO - Data berhasil diperbarui.
2025-03-21 10:48:37,256 - INFO - Data berhasil diperbarui.
2025-03-21 10:49:37,693 - INFO - Data berhasil diperbarui.
2025-03-21 13:24:26,683 - INFO - Data berhasil diperbarui.
2025-03-21 13:25:26,848 - INFO - Data berhasil diperbarui.
2025-03-21 13:26:27,014 - INFO - Data berhasil diperbarui.
2025-03-21 13:27:27,195 - INFO - Data berhasil diperbarui.
2025-03-21 13:28:27,354 - INFO - Data berhasil diperbarui.
2025-03-21 14:02:05,488 - INFO - Data berhasil diperbarui.
2025-03-21 14:02:40,281 - INFO - Program dihentikan oleh pengguna.
2025-03-21 15:39:29,121 - INFO - File uptime_data.json direset saat startup.
2025-03-21 15:39:29,121 - INFO - Program dimulai.
2025-03-21 15:39:31,940 - INFO - File uptime_data.json tidak ditemukan, membuat baru.
2025-03-21 15:39:34,093 - INFO - Data berhasil diperbarui.
2025-03-21 16:07:54,849 - INFO - File uptime_data.json direset saat startup.
2025-03-21 16:07:54,855 - INFO - Program dimulai.
2025-03-21 16:07:55,150 - INFO - File uptime_data.json tidak ditemukan, membuat baru.
2025-03-21 16:08:02,563 - INFO - Data berhasil diperbarui.
2025-03-21 16:09:03,221 - INFO - Data berhasil diperbarui.
2025-03-21 16:10:03,875 - INFO - Data berhasil diperbarui.
2025-04-14 13:48:56,598 - INFO - File uptime_data.json direset saat startup.
2025-04-14 13:48:56,598 - INFO - Program dimulai.
2025-04-14 13:48:59,127 - INFO - File uptime_data.json tidak ditemukan, membuat baru.
2025-04-14 13:49:00,867 - INFO - Data berhasil diperbarui.
2025-04-14 13:50:01,054 - INFO - Data berhasil diperbarui.
2025-04-14 13:51:01,197 - INFO - Data berhasil diperbarui.
2025-04-14 13:52:01,359 - INFO - Data berhasil diperbarui.
2025-04-14 13:53:01,496 - INFO - Data berhasil diperbarui.
2025-04-14 13:54:01,631 - INFO - Data berhasil diperbarui.
2025-04-14 13:55:01,774 - INFO - Data berhasil diperbarui.
2025-04-14 13:56:01,935 - INFO - Data berhasil diperbarui.
2025-04-14 13:57:02,183 - INFO - Data berhasil diperbarui.
2025-04-14 13:58:02,375 - INFO - Data berhasil diperbarui.
2025-04-14 13:59:02,544 - INFO - Data berhasil diperbarui.
2025-04-14 14:00:02,715 - INFO - Data berhasil diperbarui.
2025-04-14 14:01:02,885 - INFO - Data berhasil diperbarui.
2025-04-14 14:02:03,024 - INFO - Data berhasil diperbarui.
2025-04-14 14:02:47,238 - INFO - Program dihentikan oleh pengguna.
2025-04-14 14:02:47,542 - INFO - File uptime_data.json direset saat startup.
2025-04-14 14:02:47,542 - INFO - Program dimulai.
2025-04-14 14:02:47,585 - INFO - File uptime_data.json tidak ditemukan, membuat baru.
2025-04-14 14:02:49,366 - INFO - Data berhasil diperbarui.
2025-04-14 14:03:52,732 - INFO - Program dihentikan oleh pengguna.
2025-04-14 14:03:53,023 - INFO - File uptime_data.json direset saat startup.
2025-04-14 14:03:53,023 - INFO - Program dimulai.
2025-04-14 14:03:53,064 - INFO - File uptime_data.json tidak ditemukan, membuat baru.
2025-04-14 14:03:54,925 - INFO - Data berhasil diperbarui.
2025-04-14 14:04:30,659 - INFO - Program dihentikan oleh pengguna.
2025-04-14 14:04:44,268 - INFO - File uptime_data.json direset saat startup.
2025-04-14 14:04:44,268 - INFO - Program dimulai.
2025-04-14 14:04:44,308 - INFO - File uptime_data.json tidak ditemukan, membuat baru.
2025-04-14 14:04:46,145 - INFO - Data berhasil diperbarui.
2025-04-14 14:05:11,485 - INFO - Program dihentikan oleh pengguna.
2025-04-14 14:07:53,298 - INFO - File uptime_data.json direset saat startup.
2025-04-14 14:07:53,298 - INFO - Program dimulai.
2025-04-14 14:07:53,299 - INFO - File uptime_data.json tidak ditemukan, membuat baru.
2025-04-14 14:07:55,094 - INFO - Data berhasil diperbarui.
2025-04-14 14:08:55,263 - INFO - Data berhasil diperbarui.
2025-04-14 14:09:55,453 - INFO - Data berhasil diperbarui.
2025-04-14 14:10:53,821 - INFO - Program dihentikan oleh pengguna.
2025-04-14 14:10:54,156 - INFO - File uptime_data.json direset saat startup.
2025-04-14 14:10:54,156 - INFO - Program dimulai.
2025-04-14 14:10:54,156 - INFO - File uptime_data.json tidak ditemukan, membuat baru.
2025-04-14 14:10:56,202 - INFO - Data berhasil diperbarui.
2025-04-14 14:11:56,376 - INFO - Data berhasil diperbarui.
2025-04-14 14:12:56,538 - INFO - Data berhasil diperbarui.
2025-04-14 14:13:56,751 - INFO - Data berhasil diperbarui.
2025-04-14 14:14:56,961 - INFO - Data berhasil diperbarui.
2025-04-14 14:15:57,127 - INFO - Data berhasil diperbarui.
2025-04-14 14:16:57,279 - INFO - Data berhasil diperbarui.
2025-04-14 14:17:57,444 - INFO - Data berhasil diperbarui.
2025-04-14 14:18:57,619 - INFO - Data berhasil diperbarui.
2025-04-14 14:19:57,951 - INFO - Data berhasil diperbarui.
2025-04-14 14:20:58,121 - INFO - Data berhasil diperbarui.
2025-04-14 14:21:13,956 - INFO - Program dihentikan oleh pengguna.
